Searching for 2-2-distributive properties...
Searching for 1-2-distributive properties...
Searching for analogy-distributive properties...
Searching for commutative properties...
Searching for nest-commutative properties...
Searching for associative-3 properties...
Searching for cancel properties...
Searching for cancel-2 properties...
Searching for comp-id properties...
Searching for op-id-elem properties...
Searching for op-zero-elem properties...
Searching for fix-point properties...
== Functions ==
  not :: Bool -> Bool
 True :: Bool
False :: Bool
 (||) :: Bool -> Bool -> Bool
 (&&) :: Bool -> Bool -> Bool

== Laws ==
Searching for 2-2-distributive properties...
  1. x || (y || z) = (x || y) || (x || z)
  2. x || (y && z) = (x || y) && (x || z)
  3. x && (y || z) = (x && y) || (x && z)
  4. x && (y && z) = (x && y) && (x && z)
Searching for 1-2-distributive properties...
Searching for analogy-distributive properties...
  5. not x && not y = not (x || y)
  6. not x || not y = not (x && y)
Searching for commutative properties...
  7. x || y = y || x
  8. x && y = y && x
Searching for nest-commutative properties...
  9. not (x || y) = not (y || x)
 10. not (x && y) = not (y && x)
Searching for associative-3 properties...
 11. (x || y) || z = x || (y || z)
 12. (x && y) && z = x && (y && z)
Searching for cancel properties...
Searching for cancel-2 properties...
Searching for comp-id properties...
 13. not (not x) = x
Searching for op-id-elem properties...
 14. x && True = x
 15. x || False = x
Searching for op-zero-elem properties...
 16. x || True
 17. x && False = False
Searching for fix-point properties...

